The system is: Linux - 5.9.6_p1-debian-sources - x86_64
Compiling the C compiler identification source file "CMakeCCompilerId.c" succeeded.
Compiler: /usr/bin/cc 
Build flags: 
Id flags:  

The output was:
0


Compilation of the C compiler identification source "CMakeCCompilerId.c" produced "a.out"

The C compiler identification is GNU, found in "/home/i-use-gentoo-btw/Desktop/UntitledVulkanTerminalEmulator/cmake-build-debug/CMakeFiles/3.17.5/CompilerIdC/a.out"

Compiling the CXX compiler identification source file "CMakeCXXCompilerId.cpp" succeeded.
Compiler: /usr/bin/c++ 
Build flags: 
Id flags:  

The output was:
0


Compilation of the CXX compiler identification source "CMakeCXXCompilerId.cpp" produced "a.out"

The CXX compiler identification is GNU, found in "/home/i-use-gentoo-btw/Desktop/UntitledVulkanTerminalEmulator/cmake-build-debug/CMakeFiles/3.17.5/CompilerIdCXX/a.out"

Determining if the C compiler works passed with the following output:
Change Dir: /home/i-use-gentoo-btw/Desktop/UntitledVulkanTerminalEmulator/cmake-build-debug/CMakeFiles/CMakeTmp

Run Build Command(s):/usr/bin/gmake cmTC_dd3c9/fast && /usr/bin/gmake  -f CMakeFiles/cmTC_dd3c9.dir/build.make CMakeFiles/cmTC_dd3c9.dir/build
gmake[1]: Entering directory '/home/i-use-gentoo-btw/Desktop/UntitledVulkanTerminalEmulator/cmake-build-debug/CMakeFiles/CMakeTmp'
Building C object CMakeFiles/cmTC_dd3c9.dir/testCCompiler.c.o
/usr/bin/cc    -o CMakeFiles/cmTC_dd3c9.dir/testCCompiler.c.o   -c /home/i-use-gentoo-btw/Desktop/UntitledVulkanTerminalEmulator/cmake-build-debug/CMakeFiles/CMakeTmp/testCCompiler.c
Linking C executable cmTC_dd3c9
/opt/clion/bin/cmake/linux/bin/cmake -E cmake_link_script CMakeFiles/cmTC_dd3c9.dir/link.txt --verbose=1
/usr/bin/cc      -rdynamic CMakeFiles/cmTC_dd3c9.dir/testCCompiler.c.o  -o cmTC_dd3c9 
gmake[1]: Leaving directory '/home/i-use-gentoo-btw/Desktop/UntitledVulkanTerminalEmulator/cmake-build-debug/CMakeFiles/CMakeTmp'



Detecting C compiler ABI info compiled with the following output:
Change Dir: /home/i-use-gentoo-btw/Desktop/UntitledVulkanTerminalEmulator/cmake-build-debug/CMakeFiles/CMakeTmp

Run Build Command(s):/usr/bin/gmake cmTC_3b232/fast && /usr/bin/gmake  -f CMakeFiles/cmTC_3b232.dir/build.make CMakeFiles/cmTC_3b232.dir/build
gmake[1]: Entering directory '/home/i-use-gentoo-btw/Desktop/UntitledVulkanTerminalEmulator/cmake-build-debug/CMakeFiles/CMakeTmp'
Building C object CMakeFiles/cmTC_3b232.dir/CMakeCCompilerABI.c.o
/usr/bin/cc   -v -o CMakeFiles/cmTC_3b232.dir/CMakeCCompilerABI.c.o   -c /opt/clion/bin/cmake/linux/share/cmake-3.17/Modules/CMakeCCompilerABI.c
Using built-in specs.
COLLECT_GCC=/usr/bin/cc
Target: x86_64-pc-linux-gnu
Configured with: ../gcc-9.2.0/configure --disable-libssp --disable-multilib --enable-version-specific-runtime-libs --prefix=/usr --bindir=/usr/x86_64-pc-linux-gnu/gcc-bin/9.2.0 --includedir=/usr/lib/gcc/x86_64-pc-linux-gnu/9.2.0/include --datadir=/usr/share/gcc-data/x86_64-pc-linux-gnu/9.2.0 --mandir=/usr/share/gcc-data/x86_64-pc-linux-gnu/9.2.0/man --infodir=/usr/share/gcc-data/x86_64-pc-linux-gnu/9.2.0/info --with-gxx-include-dir=/usr/lib/gcc/x86_64-pc-linux-gnu/9.2.0/include/g++-v9.2.0 --enable-clocale=gnu --host=x86_64-pc-linux-gnu --enable-obsolete --disable-werror --enable-libmudflap --enable-secureplt --enable-lto --with-system-zlib --without-cloog --with-bugurl=http://bugs.funtoo.org --with-pkgversion='Funtoo 9.2.0' --enable-stage1-checking=assert,runtime,misc,tree,gc,rtlflag --enable-checking=assert,runtime --enable-languages=c,c++,fortran --disable-libgcj --enable-threads=posix --enable-__cxa_atexit --enable-libstdcxx-time --enable-libgomp --enable-bootstrap --enable-shared --build=x86_64-pc-linux-gnu --disable-libsanitizer --enable-default-pie --enable-default-ssp --disable-libstdcxx-pch --disable-vtable-verify --disable-libvtv --with-python-dir=/share/gcc-data/x86_64-pc-linux-gnu/9.2.0/python --enable-nls --with-included-gettext --with-arch=znver2
Thread model: posix
gcc version 9.2.0 (Funtoo 9.2.0) 
COLLECT_GCC_OPTIONS='-v' '-o' 'CMakeFiles/cmTC_3b232.dir/CMakeCCompilerABI.c.o' '-c' '-mtune=generic' '-march=znver2'
 /usr/libexec/gcc/x86_64-pc-linux-gnu/9.2.0/cc1 -quiet -v /opt/clion/bin/cmake/linux/share/cmake-3.17/Modules/CMakeCCompilerABI.c -quiet -dumpbase CMakeCCompilerABI.c -mtune=generic -march=znver2 -auxbase-strip CMakeFiles/cmTC_3b232.dir/CMakeCCompilerABI.c.o -version -o /tmp/ccs8waKL.s
GNU C17 (Funtoo 9.2.0) version 9.2.0 (x86_64-pc-linux-gnu)
	compiled by GNU C version 9.2.0, GMP version 6.1.2, MPFR version 4.0.2, MPC version 1.1.0, isl version none
GGC heuristics: --param ggc-min-expand=100 --param ggc-min-heapsize=131072
ignoring nonexistent directory "/usr/lib/gcc/x86_64-pc-linux-gnu/9.2.0/../../../../x86_64-pc-linux-gnu/include"
#include "..." search starts here:
#include <...> search starts here:
 /usr/lib/gcc/x86_64-pc-linux-gnu/9.2.0/include
 /usr/local/include
 /usr/lib/gcc/x86_64-pc-linux-gnu/9.2.0/include-fixed
 /usr/include
End of search list.
GNU C17 (Funtoo 9.2.0) version 9.2.0 (x86_64-pc-linux-gnu)
	compiled by GNU C version 9.2.0, GMP version 6.1.2, MPFR version 4.0.2, MPC version 1.1.0, isl version none
GGC heuristics: --param ggc-min-expand=100 --param ggc-min-heapsize=131072
Compiler executable checksum: e1c588f300c9a50a735191155f25ba4f
COLLECT_GCC_OPTIONS='-v' '-o' 'CMakeFiles/cmTC_3b232.dir/CMakeCCompilerABI.c.o' '-c' '-mtune=generic' '-march=znver2'
 /usr/lib/gcc/x86_64-pc-linux-gnu/9.2.0/../../../../x86_64-pc-linux-gnu/bin/as -v --64 -o CMakeFiles/cmTC_3b232.dir/CMakeCCompilerABI.c.o /tmp/ccs8waKL.s
GNU assembler version 2.32.0 (x86_64-pc-linux-gnu) using BFD version (Gentoo 2.32 p2) 2.32.0
COMPILER_PATH=/usr/libexec/gcc/x86_64-pc-linux-gnu/9.2.0/:/usr/libexec/gcc/x86_64-pc-linux-gnu/9.2.0/:/usr/libexec/gcc/x86_64-pc-linux-gnu/:/usr/lib/gcc/x86_64-pc-linux-gnu/9.2.0/:/usr/lib/gcc/x86_64-pc-linux-gnu/:/usr/lib/gcc/x86_64-pc-linux-gnu/9.2.0/../../../../x86_64-pc-linux-gnu/bin/
LIBRARY_PATH=/usr/lib/gcc/x86_64-pc-linux-gnu/9.2.0/:/usr/lib/gcc/x86_64-pc-linux-gnu/9.2.0/../../../../lib64/:/lib/../lib64/:/usr/lib/../lib64/:/usr/lib/gcc/x86_64-pc-linux-gnu/9.2.0/../../../../x86_64-pc-linux-gnu/lib/:/usr/lib/gcc/x86_64-pc-linux-gnu/9.2.0/../../../:/lib/:/usr/lib/
COLLECT_GCC_OPTIONS='-v' '-o' 'CMakeFiles/cmTC_3b232.dir/CMakeCCompilerABI.c.o' '-c' '-mtune=generic' '-march=znver2'
Linking C executable cmTC_3b232
/opt/clion/bin/cmake/linux/bin/cmake -E cmake_link_script CMakeFiles/cmTC_3b232.dir/link.txt --verbose=1
/usr/bin/cc     -v -rdynamic CMakeFiles/cmTC_3b232.dir/CMakeCCompilerABI.c.o  -o cmTC_3b232 
Using built-in specs.
COLLECT_GCC=/usr/bin/cc
COLLECT_LTO_WRAPPER=/usr/libexec/gcc/x86_64-pc-linux-gnu/9.2.0/lto-wrapper
Target: x86_64-pc-linux-gnu
Configured with: ../gcc-9.2.0/configure --disable-libssp --disable-multilib --enable-version-specific-runtime-libs --prefix=/usr --bindir=/usr/x86_64-pc-linux-gnu/gcc-bin/9.2.0 --includedir=/usr/lib/gcc/x86_64-pc-linux-gnu/9.2.0/include --datadir=/usr/share/gcc-data/x86_64-pc-linux-gnu/9.2.0 --mandir=/usr/share/gcc-data/x86_64-pc-linux-gnu/9.2.0/man --infodir=/usr/share/gcc-data/x86_64-pc-linux-gnu/9.2.0/info --with-gxx-include-dir=/usr/lib/gcc/x86_64-pc-linux-gnu/9.2.0/include/g++-v9.2.0 --enable-clocale=gnu --host=x86_64-pc-linux-gnu --enable-obsolete --disable-werror --enable-libmudflap --enable-secureplt --enable-lto --with-system-zlib --without-cloog --with-bugurl=http://bugs.funtoo.org --with-pkgversion='Funtoo 9.2.0' --enable-stage1-checking=assert,runtime,misc,tree,gc,rtlflag --enable-checking=assert,runtime --enable-languages=c,c++,fortran --disable-libgcj --enable-threads=posix --enable-__cxa_atexit --enable-libstdcxx-time --enable-libgomp --enable-bootstrap --enable-shared --build=x86_64-pc-linux-gnu --disable-libsanitizer --enable-default-pie --enable-default-ssp --disable-libstdcxx-pch --disable-vtable-verify --disable-libvtv --with-python-dir=/share/gcc-data/x86_64-pc-linux-gnu/9.2.0/python --enable-nls --with-included-gettext --with-arch=znver2
Thread model: posix
gcc version 9.2.0 (Funtoo 9.2.0) 
COMPILER_PATH=/usr/libexec/gcc/x86_64-pc-linux-gnu/9.2.0/:/usr/libexec/gcc/x86_64-pc-linux-gnu/9.2.0/:/usr/libexec/gcc/x86_64-pc-linux-gnu/:/usr/lib/gcc/x86_64-pc-linux-gnu/9.2.0/:/usr/lib/gcc/x86_64-pc-linux-gnu/:/usr/lib/gcc/x86_64-pc-linux-gnu/9.2.0/../../../../x86_64-pc-linux-gnu/bin/
LIBRARY_PATH=/usr/lib/gcc/x86_64-pc-linux-gnu/9.2.0/:/usr/lib/gcc/x86_64-pc-linux-gnu/9.2.0/../../../../lib64/:/lib/../lib64/:/usr/lib/../lib64/:/usr/lib/gcc/x86_64-pc-linux-gnu/9.2.0/../../../../x86_64-pc-linux-gnu/lib/:/usr/lib/gcc/x86_64-pc-linux-gnu/9.2.0/../../../:/lib/:/usr/lib/
COLLECT_GCC_OPTIONS='-v' '-rdynamic' '-o' 'cmTC_3b232' '-mtune=generic' '-march=znver2'
 /usr/libexec/gcc/x86_64-pc-linux-gnu/9.2.0/collect2 -plugin /usr/libexec/gcc/x86_64-pc-linux-gnu/9.2.0/liblto_plugin.so -plugin-opt=/usr/libexec/gcc/x86_64-pc-linux-gnu/9.2.0/lto-wrapper -plugin-opt=-fresolution=/tmp/ccxuduYN.res -plugin-opt=-pass-through=-lgcc -plugin-opt=-pass-through=-lgcc_s -plugin-opt=-pass-through=-lc -plugin-opt=-pass-through=-lgcc -plugin-opt=-pass-through=-lgcc_s --eh-frame-hdr -m elf_x86_64 -export-dynamic -dynamic-linker /lib64/ld-linux-x86-64.so.2 -pie -o cmTC_3b232 /usr/lib/gcc/x86_64-pc-linux-gnu/9.2.0/../../../../lib64/Scrt1.o /usr/lib/gcc/x86_64-pc-linux-gnu/9.2.0/../../../../lib64/crti.o /usr/lib/gcc/x86_64-pc-linux-gnu/9.2.0/crtbeginS.o -L/usr/lib/gcc/x86_64-pc-linux-gnu/9.2.0 -L/usr/lib/gcc/x86_64-pc-linux-gnu/9.2.0/../../../../lib64 -L/lib/../lib64 -L/usr/lib/../lib64 -L/usr/lib/gcc/x86_64-pc-linux-gnu/9.2.0/../../../../x86_64-pc-linux-gnu/lib -L/usr/lib/gcc/x86_64-pc-linux-gnu/9.2.0/../../.. CMakeFiles/cmTC_3b232.dir/CMakeCCompilerABI.c.o -lgcc --push-state --as-needed -lgcc_s --pop-state -lc -lgcc --push-state --as-needed -lgcc_s --pop-state /usr/lib/gcc/x86_64-pc-linux-gnu/9.2.0/crtendS.o /usr/lib/gcc/x86_64-pc-linux-gnu/9.2.0/../../../../lib64/crtn.o
COLLECT_GCC_OPTIONS='-v' '-rdynamic' '-o' 'cmTC_3b232' '-mtune=generic' '-march=znver2'
gmake[1]: Leaving directory '/home/i-use-gentoo-btw/Desktop/UntitledVulkanTerminalEmulator/cmake-build-debug/CMakeFiles/CMakeTmp'



Parsed C implicit include dir info from above output: rv=done
  found start of include info
  found start of implicit include info
    add: [/usr/lib/gcc/x86_64-pc-linux-gnu/9.2.0/include]
    add: [/usr/local/include]
    add: [/usr/lib/gcc/x86_64-pc-linux-gnu/9.2.0/include-fixed]
    add: [/usr/include]
  end of search list found
  collapse include dir [/usr/lib/gcc/x86_64-pc-linux-gnu/9.2.0/include] ==> [/usr/lib/gcc/x86_64-pc-linux-gnu/9.2.0/include]
  collapse include dir [/usr/local/include] ==> [/usr/local/include]
  collapse include dir [/usr/lib/gcc/x86_64-pc-linux-gnu/9.2.0/include-fixed] ==> [/usr/lib/gcc/x86_64-pc-linux-gnu/9.2.0/include-fixed]
  collapse include dir [/usr/include] ==> [/usr/include]
  implicit include dirs: [/usr/lib/gcc/x86_64-pc-linux-gnu/9.2.0/include;/usr/local/include;/usr/lib/gcc/x86_64-pc-linux-gnu/9.2.0/include-fixed;/usr/include]


Parsed C implicit link information from above output:
  link line regex: [^( *|.*[/\])(ld|CMAKE_LINK_STARTFILE-NOTFOUND|([^/\]+-)?ld|collect2)[^/\]*( |$)]
  ignore line: [Change Dir: /home/i-use-gentoo-btw/Desktop/UntitledVulkanTerminalEmulator/cmake-build-debug/CMakeFiles/CMakeTmp]
  ignore line: []
  ignore line: [Run Build Command(s):/usr/bin/gmake cmTC_3b232/fast && /usr/bin/gmake  -f CMakeFiles/cmTC_3b232.dir/build.make CMakeFiles/cmTC_3b232.dir/build]
  ignore line: [gmake[1]: Entering directory '/home/i-use-gentoo-btw/Desktop/UntitledVulkanTerminalEmulator/cmake-build-debug/CMakeFiles/CMakeTmp']
  ignore line: [Building C object CMakeFiles/cmTC_3b232.dir/CMakeCCompilerABI.c.o]
  ignore line: [/usr/bin/cc   -v -o CMakeFiles/cmTC_3b232.dir/CMakeCCompilerABI.c.o   -c /opt/clion/bin/cmake/linux/share/cmake-3.17/Modules/CMakeCCompilerABI.c]
  ignore line: [Using built-in specs.]
  ignore line: [COLLECT_GCC=/usr/bin/cc]
  ignore line: [Target: x86_64-pc-linux-gnu]
  ignore line: [Configured with: ../gcc-9.2.0/configure --disable-libssp --disable-multilib --enable-version-specific-runtime-libs --prefix=/usr --bindir=/usr/x86_64-pc-linux-gnu/gcc-bin/9.2.0 --includedir=/usr/lib/gcc/x86_64-pc-linux-gnu/9.2.0/include --datadir=/usr/share/gcc-data/x86_64-pc-linux-gnu/9.2.0 --mandir=/usr/share/gcc-data/x86_64-pc-linux-gnu/9.2.0/man --infodir=/usr/share/gcc-data/x86_64-pc-linux-gnu/9.2.0/info --with-gxx-include-dir=/usr/lib/gcc/x86_64-pc-linux-gnu/9.2.0/include/g++-v9.2.0 --enable-clocale=gnu --host=x86_64-pc-linux-gnu --enable-obsolete --disable-werror --enable-libmudflap --enable-secureplt --enable-lto --with-system-zlib --without-cloog --with-bugurl=http://bugs.funtoo.org --with-pkgversion='Funtoo 9.2.0' --enable-stage1-checking=assert runtime misc tree gc rtlflag --enable-checking=assert runtime --enable-languages=c c++ fortran --disable-libgcj --enable-threads=posix --enable-__cxa_atexit --enable-libstdcxx-time --enable-libgomp --enable-bootstrap --enable-shared --build=x86_64-pc-linux-gnu --disable-libsanitizer --enable-default-pie --enable-default-ssp --disable-libstdcxx-pch --disable-vtable-verify --disable-libvtv --with-python-dir=/share/gcc-data/x86_64-pc-linux-gnu/9.2.0/python --enable-nls --with-included-gettext --with-arch=znver2]
  ignore line: [Thread model: posix]
  ignore line: [gcc version 9.2.0 (Funtoo 9.2.0) ]
  ignore line: [COLLECT_GCC_OPTIONS='-v' '-o' 'CMakeFiles/cmTC_3b232.dir/CMakeCCompilerABI.c.o' '-c' '-mtune=generic' '-march=znver2']
  ignore line: [ /usr/libexec/gcc/x86_64-pc-linux-gnu/9.2.0/cc1 -quiet -v /opt/clion/bin/cmake/linux/share/cmake-3.17/Modules/CMakeCCompilerABI.c -quiet -dumpbase CMakeCCompilerABI.c -mtune=generic -march=znver2 -auxbase-strip CMakeFiles/cmTC_3b232.dir/CMakeCCompilerABI.c.o -version -o /tmp/ccs8waKL.s]
  ignore line: [GNU C17 (Funtoo 9.2.0) version 9.2.0 (x86_64-pc-linux-gnu)]
  ignore line: [	compiled by GNU C version 9.2.0  GMP version 6.1.2  MPFR version 4.0.2  MPC version 1.1.0  isl version none]
  ignore line: [GGC heuristics: --param ggc-min-expand=100 --param ggc-min-heapsize=131072]
  ignore line: [ignoring nonexistent directory "/usr/lib/gcc/x86_64-pc-linux-gnu/9.2.0/../../../../x86_64-pc-linux-gnu/include"]
  ignore line: [#include "..." search starts here:]
  ignore line: [#include <...> search starts here:]
  ignore line: [ /usr/lib/gcc/x86_64-pc-linux-gnu/9.2.0/include]
  ignore line: [ /usr/local/include]
  ignore line: [ /usr/lib/gcc/x86_64-pc-linux-gnu/9.2.0/include-fixed]
  ignore line: [ /usr/include]
  ignore line: [End of search list.]
  ignore line: [GNU C17 (Funtoo 9.2.0) version 9.2.0 (x86_64-pc-linux-gnu)]
  ignore line: [	compiled by GNU C version 9.2.0  GMP version 6.1.2  MPFR version 4.0.2  MPC version 1.1.0  isl version none]
  ignore line: [GGC heuristics: --param ggc-min-expand=100 --param ggc-min-heapsize=131072]
  ignore line: [Compiler executable checksum: e1c588f300c9a50a735191155f25ba4f]
  ignore line: [COLLECT_GCC_OPTIONS='-v' '-o' 'CMakeFiles/cmTC_3b232.dir/CMakeCCompilerABI.c.o' '-c' '-mtune=generic' '-march=znver2']
  ignore line: [ /usr/lib/gcc/x86_64-pc-linux-gnu/9.2.0/../../../../x86_64-pc-linux-gnu/bin/as -v --64 -o CMakeFiles/cmTC_3b232.dir/CMakeCCompilerABI.c.o /tmp/ccs8waKL.s]
  ignore line: [GNU assembler version 2.32.0 (x86_64-pc-linux-gnu) using BFD version (Gentoo 2.32 p2) 2.32.0]
  ignore line: [COMPILER_PATH=/usr/libexec/gcc/x86_64-pc-linux-gnu/9.2.0/:/usr/libexec/gcc/x86_64-pc-linux-gnu/9.2.0/:/usr/libexec/gcc/x86_64-pc-linux-gnu/:/usr/lib/gcc/x86_64-pc-linux-gnu/9.2.0/:/usr/lib/gcc/x86_64-pc-linux-gnu/:/usr/lib/gcc/x86_64-pc-linux-gnu/9.2.0/../../../../x86_64-pc-linux-gnu/bin/]
  ignore line: [LIBRARY_PATH=/usr/lib/gcc/x86_64-pc-linux-gnu/9.2.0/:/usr/lib/gcc/x86_64-pc-linux-gnu/9.2.0/../../../../lib64/:/lib/../lib64/:/usr/lib/../lib64/:/usr/lib/gcc/x86_64-pc-linux-gnu/9.2.0/../../../../x86_64-pc-linux-gnu/lib/:/usr/lib/gcc/x86_64-pc-linux-gnu/9.2.0/../../../:/lib/:/usr/lib/]
  ignore line: [COLLECT_GCC_OPTIONS='-v' '-o' 'CMakeFiles/cmTC_3b232.dir/CMakeCCompilerABI.c.o' '-c' '-mtune=generic' '-march=znver2']
  ignore line: [Linking C executable cmTC_3b232]
  ignore line: [/opt/clion/bin/cmake/linux/bin/cmake -E cmake_link_script CMakeFiles/cmTC_3b232.dir/link.txt --verbose=1]
  ignore line: [/usr/bin/cc     -v -rdynamic CMakeFiles/cmTC_3b232.dir/CMakeCCompilerABI.c.o  -o cmTC_3b232 ]
  ignore line: [Using built-in specs.]
  ignore line: [COLLECT_GCC=/usr/bin/cc]
  ignore line: [COLLECT_LTO_WRAPPER=/usr/libexec/gcc/x86_64-pc-linux-gnu/9.2.0/lto-wrapper]
  ignore line: [Target: x86_64-pc-linux-gnu]
  ignore line: [Configured with: ../gcc-9.2.0/configure --disable-libssp --disable-multilib --enable-version-specific-runtime-libs --prefix=/usr --bindir=/usr/x86_64-pc-linux-gnu/gcc-bin/9.2.0 --includedir=/usr/lib/gcc/x86_64-pc-linux-gnu/9.2.0/include --datadir=/usr/share/gcc-data/x86_64-pc-linux-gnu/9.2.0 --mandir=/usr/share/gcc-data/x86_64-pc-linux-gnu/9.2.0/man --infodir=/usr/share/gcc-data/x86_64-pc-linux-gnu/9.2.0/info --with-gxx-include-dir=/usr/lib/gcc/x86_64-pc-linux-gnu/9.2.0/include/g++-v9.2.0 --enable-clocale=gnu --host=x86_64-pc-linux-gnu --enable-obsolete --disable-werror --enable-libmudflap --enable-secureplt --enable-lto --with-system-zlib --without-cloog --with-bugurl=http://bugs.funtoo.org --with-pkgversion='Funtoo 9.2.0' --enable-stage1-checking=assert runtime misc tree gc rtlflag --enable-checking=assert runtime --enable-languages=c c++ fortran --disable-libgcj --enable-threads=posix --enable-__cxa_atexit --enable-libstdcxx-time --enable-libgomp --enable-bootstrap --enable-shared --build=x86_64-pc-linux-gnu --disable-libsanitizer --enable-default-pie --enable-default-ssp --disable-libstdcxx-pch --disable-vtable-verify --disable-libvtv --with-python-dir=/share/gcc-data/x86_64-pc-linux-gnu/9.2.0/python --enable-nls --with-included-gettext --with-arch=znver2]
  ignore line: [Thread model: posix]
  ignore line: [gcc version 9.2.0 (Funtoo 9.2.0) ]
  ignore line: [COMPILER_PATH=/usr/libexec/gcc/x86_64-pc-linux-gnu/9.2.0/:/usr/libexec/gcc/x86_64-pc-linux-gnu/9.2.0/:/usr/libexec/gcc/x86_64-pc-linux-gnu/:/usr/lib/gcc/x86_64-pc-linux-gnu/9.2.0/:/usr/lib/gcc/x86_64-pc-linux-gnu/:/usr/lib/gcc/x86_64-pc-linux-gnu/9.2.0/../../../../x86_64-pc-linux-gnu/bin/]
  ignore line: [LIBRARY_PATH=/usr/lib/gcc/x86_64-pc-linux-gnu/9.2.0/:/usr/lib/gcc/x86_64-pc-linux-gnu/9.2.0/../../../../lib64/:/lib/../lib64/:/usr/lib/../lib64/:/usr/lib/gcc/x86_64-pc-linux-gnu/9.2.0/../../../../x86_64-pc-linux-gnu/lib/:/usr/lib/gcc/x86_64-pc-linux-gnu/9.2.0/../../../:/lib/:/usr/lib/]
  ignore line: [COLLECT_GCC_OPTIONS='-v' '-rdynamic' '-o' 'cmTC_3b232' '-mtune=generic' '-march=znver2']
  link line: [ /usr/libexec/gcc/x86_64-pc-linux-gnu/9.2.0/collect2 -plugin /usr/libexec/gcc/x86_64-pc-linux-gnu/9.2.0/liblto_plugin.so -plugin-opt=/usr/libexec/gcc/x86_64-pc-linux-gnu/9.2.0/lto-wrapper -plugin-opt=-fresolution=/tmp/ccxuduYN.res -plugin-opt=-pass-through=-lgcc -plugin-opt=-pass-through=-lgcc_s -plugin-opt=-pass-through=-lc -plugin-opt=-pass-through=-lgcc -plugin-opt=-pass-through=-lgcc_s --eh-frame-hdr -m elf_x86_64 -export-dynamic -dynamic-linker /lib64/ld-linux-x86-64.so.2 -pie -o cmTC_3b232 /usr/lib/gcc/x86_64-pc-linux-gnu/9.2.0/../../../../lib64/Scrt1.o /usr/lib/gcc/x86_64-pc-linux-gnu/9.2.0/../../../../lib64/crti.o /usr/lib/gcc/x86_64-pc-linux-gnu/9.2.0/crtbeginS.o -L/usr/lib/gcc/x86_64-pc-linux-gnu/9.2.0 -L/usr/lib/gcc/x86_64-pc-linux-gnu/9.2.0/../../../../lib64 -L/lib/../lib64 -L/usr/lib/../lib64 -L/usr/lib/gcc/x86_64-pc-linux-gnu/9.2.0/../../../../x86_64-pc-linux-gnu/lib -L/usr/lib/gcc/x86_64-pc-linux-gnu/9.2.0/../../.. CMakeFiles/cmTC_3b232.dir/CMakeCCompilerABI.c.o -lgcc --push-state --as-needed -lgcc_s --pop-state -lc -lgcc --push-state --as-needed -lgcc_s --pop-state /usr/lib/gcc/x86_64-pc-linux-gnu/9.2.0/crtendS.o /usr/lib/gcc/x86_64-pc-linux-gnu/9.2.0/../../../../lib64/crtn.o]
    arg [/usr/libexec/gcc/x86_64-pc-linux-gnu/9.2.0/collect2] ==> ignore
    arg [-plugin] ==> ignore
    arg [/usr/libexec/gcc/x86_64-pc-linux-gnu/9.2.0/liblto_plugin.so] ==> ignore
    arg [-plugin-opt=/usr/libexec/gcc/x86_64-pc-linux-gnu/9.2.0/lto-wrapper] ==> ignore
    arg [-plugin-opt=-fresolution=/tmp/ccxuduYN.res] ==> ignore
    arg [-plugin-opt=-pass-through=-lgcc] ==> ignore
    arg [-plugin-opt=-pass-through=-lgcc_s] ==> ignore
    arg [-plugin-opt=-pass-through=-lc] ==> ignore
    arg [-plugin-opt=-pass-through=-lgcc] ==> ignore
    arg [-plugin-opt=-pass-through=-lgcc_s] ==> ignore
    arg [--eh-frame-hdr] ==> ignore
    arg [-m] ==> ignore
    arg [elf_x86_64] ==> ignore
    arg [-export-dynamic] ==> ignore
    arg [-dynamic-linker] ==> ignore
    arg [/lib64/ld-linux-x86-64.so.2] ==> ignore
    arg [-pie] ==> ignore
    arg [-o] ==> ignore
    arg [cmTC_3b232] ==> ignore
    arg [/usr/lib/gcc/x86_64-pc-linux-gnu/9.2.0/../../../../lib64/Scrt1.o] ==> ignore
    arg [/usr/lib/gcc/x86_64-pc-linux-gnu/9.2.0/../../../../lib64/crti.o] ==> ignore
    arg [/usr/lib/gcc/x86_64-pc-linux-gnu/9.2.0/crtbeginS.o] ==> ignore
    arg [-L/usr/lib/gcc/x86_64-pc-linux-gnu/9.2.0] ==> dir [/usr/lib/gcc/x86_64-pc-linux-gnu/9.2.0]
    arg [-L/usr/lib/gcc/x86_64-pc-linux-gnu/9.2.0/../../../../lib64] ==> dir [/usr/lib/gcc/x86_64-pc-linux-gnu/9.2.0/../../../../lib64]
    arg [-L/lib/../lib64] ==> dir [/lib/../lib64]
    arg [-L/usr/lib/../lib64] ==> dir [/usr/lib/../lib64]
    arg [-L/usr/lib/gcc/x86_64-pc-linux-gnu/9.2.0/../../../../x86_64-pc-linux-gnu/lib] ==> dir [/usr/lib/gcc/x86_64-pc-linux-gnu/9.2.0/../../../../x86_64-pc-linux-gnu/lib]
    arg [-L/usr/lib/gcc/x86_64-pc-linux-gnu/9.2.0/../../..] ==> dir [/usr/lib/gcc/x86_64-pc-linux-gnu/9.2.0/../../..]
    arg [CMakeFiles/cmTC_3b232.dir/CMakeCCompilerABI.c.o] ==> ignore
    arg [-lgcc] ==> lib [gcc]
    arg [--push-state] ==> ignore
    arg [--as-needed] ==> ignore
    arg [-lgcc_s] ==> lib [gcc_s]
    arg [--pop-state] ==> ignore
    arg [-lc] ==> lib [c]
    arg [-lgcc] ==> lib [gcc]
    arg [--push-state] ==> ignore
    arg [--as-needed] ==> ignore
    arg [-lgcc_s] ==> lib [gcc_s]
    arg [--pop-state] ==> ignore
    arg [/usr/lib/gcc/x86_64-pc-linux-gnu/9.2.0/crtendS.o] ==> ignore
    arg [/usr/lib/gcc/x86_64-pc-linux-gnu/9.2.0/../../../../lib64/crtn.o] ==> ignore
  collapse library dir [/usr/lib/gcc/x86_64-pc-linux-gnu/9.2.0] ==> [/usr/lib/gcc/x86_64-pc-linux-gnu/9.2.0]
  collapse library dir [/usr/lib/gcc/x86_64-pc-linux-gnu/9.2.0/../../../../lib64] ==> [/usr/lib64]
  collapse library dir [/lib/../lib64] ==> [/lib64]
  collapse library dir [/usr/lib/../lib64] ==> [/usr/lib64]
  collapse library dir [/usr/lib/gcc/x86_64-pc-linux-gnu/9.2.0/../../../../x86_64-pc-linux-gnu/lib] ==> [/usr/x86_64-pc-linux-gnu/lib]
  collapse library dir [/usr/lib/gcc/x86_64-pc-linux-gnu/9.2.0/../../..] ==> [/usr/lib]
  implicit libs: [gcc;gcc_s;c;gcc;gcc_s]
  implicit dirs: [/usr/lib/gcc/x86_64-pc-linux-gnu/9.2.0;/usr/lib64;/lib64;/usr/x86_64-pc-linux-gnu/lib;/usr/lib]
  implicit fwks: []


Determining if the CXX compiler works passed with the following output:
Change Dir: /home/i-use-gentoo-btw/Desktop/UntitledVulkanTerminalEmulator/cmake-build-debug/CMakeFiles/CMakeTmp

Run Build Command(s):/usr/bin/gmake cmTC_1baa7/fast && /usr/bin/gmake  -f CMakeFiles/cmTC_1baa7.dir/build.make CMakeFiles/cmTC_1baa7.dir/build
gmake[1]: Entering directory '/home/i-use-gentoo-btw/Desktop/UntitledVulkanTerminalEmulator/cmake-build-debug/CMakeFiles/CMakeTmp'
Building CXX object CMakeFiles/cmTC_1baa7.dir/testCXXCompiler.cxx.o
/usr/bin/c++     -o CMakeFiles/cmTC_1baa7.dir/testCXXCompiler.cxx.o -c /home/i-use-gentoo-btw/Desktop/UntitledVulkanTerminalEmulator/cmake-build-debug/CMakeFiles/CMakeTmp/testCXXCompiler.cxx
Linking CXX executable cmTC_1baa7
/opt/clion/bin/cmake/linux/bin/cmake -E cmake_link_script CMakeFiles/cmTC_1baa7.dir/link.txt --verbose=1
/usr/bin/c++       -rdynamic CMakeFiles/cmTC_1baa7.dir/testCXXCompiler.cxx.o  -o cmTC_1baa7 
gmake[1]: Leaving directory '/home/i-use-gentoo-btw/Desktop/UntitledVulkanTerminalEmulator/cmake-build-debug/CMakeFiles/CMakeTmp'



Detecting CXX compiler ABI info compiled with the following output:
Change Dir: /home/i-use-gentoo-btw/Desktop/UntitledVulkanTerminalEmulator/cmake-build-debug/CMakeFiles/CMakeTmp

Run Build Command(s):/usr/bin/gmake cmTC_b2b28/fast && /usr/bin/gmake  -f CMakeFiles/cmTC_b2b28.dir/build.make CMakeFiles/cmTC_b2b28.dir/build
gmake[1]: Entering directory '/home/i-use-gentoo-btw/Desktop/UntitledVulkanTerminalEmulator/cmake-build-debug/CMakeFiles/CMakeTmp'
Building CXX object CMakeFiles/cmTC_b2b28.dir/CMakeCXXCompilerABI.cpp.o
/usr/bin/c++    -v -o CMakeFiles/cmTC_b2b28.dir/CMakeCXXCompilerABI.cpp.o -c /opt/clion/bin/cmake/linux/share/cmake-3.17/Modules/CMakeCXXCompilerABI.cpp
Using built-in specs.
COLLECT_GCC=/usr/bin/c++
Target: x86_64-pc-linux-gnu
Configured with: ../gcc-9.2.0/configure --disable-libssp --disable-multilib --enable-version-specific-runtime-libs --prefix=/usr --bindir=/usr/x86_64-pc-linux-gnu/gcc-bin/9.2.0 --includedir=/usr/lib/gcc/x86_64-pc-linux-gnu/9.2.0/include --datadir=/usr/share/gcc-data/x86_64-pc-linux-gnu/9.2.0 --mandir=/usr/share/gcc-data/x86_64-pc-linux-gnu/9.2.0/man --infodir=/usr/share/gcc-data/x86_64-pc-linux-gnu/9.2.0/info --with-gxx-include-dir=/usr/lib/gcc/x86_64-pc-linux-gnu/9.2.0/include/g++-v9.2.0 --enable-clocale=gnu --host=x86_64-pc-linux-gnu --enable-obsolete --disable-werror --enable-libmudflap --enable-secureplt --enable-lto --with-system-zlib --without-cloog --with-bugurl=http://bugs.funtoo.org --with-pkgversion='Funtoo 9.2.0' --enable-stage1-checking=assert,runtime,misc,tree,gc,rtlflag --enable-checking=assert,runtime --enable-languages=c,c++,fortran --disable-libgcj --enable-threads=posix --enable-__cxa_atexit --enable-libstdcxx-time --enable-libgomp --enable-bootstrap --enable-shared --build=x86_64-pc-linux-gnu --disable-libsanitizer --enable-default-pie --enable-default-ssp --disable-libstdcxx-pch --disable-vtable-verify --disable-libvtv --with-python-dir=/share/gcc-data/x86_64-pc-linux-gnu/9.2.0/python --enable-nls --with-included-gettext --with-arch=znver2
Thread model: posix
gcc version 9.2.0 (Funtoo 9.2.0) 
COLLECT_GCC_OPTIONS='-v' '-o' 'CMakeFiles/cmTC_b2b28.dir/CMakeCXXCompilerABI.cpp.o' '-c' '-shared-libgcc' '-mtune=generic' '-march=znver2'
 /usr/libexec/gcc/x86_64-pc-linux-gnu/9.2.0/cc1plus -quiet -v -D_GNU_SOURCE /opt/clion/bin/cmake/linux/share/cmake-3.17/Modules/CMakeCXXCompilerABI.cpp -quiet -dumpbase CMakeCXXCompilerABI.cpp -mtune=generic -march=znver2 -auxbase-strip CMakeFiles/cmTC_b2b28.dir/CMakeCXXCompilerABI.cpp.o -version -o /tmp/ccAnR3Ck.s
GNU C++14 (Funtoo 9.2.0) version 9.2.0 (x86_64-pc-linux-gnu)
	compiled by GNU C version 9.2.0, GMP version 6.1.2, MPFR version 4.0.2, MPC version 1.1.0, isl version none
GGC heuristics: --param ggc-min-expand=100 --param ggc-min-heapsize=131072
ignoring nonexistent directory "/usr/lib/gcc/x86_64-pc-linux-gnu/9.2.0/../../../../x86_64-pc-linux-gnu/include"
#include "..." search starts here:
#include <...> search starts here:
 /usr/lib/gcc/x86_64-pc-linux-gnu/9.2.0/include/g++-v9.2.0
 /usr/lib/gcc/x86_64-pc-linux-gnu/9.2.0/include/g++-v9.2.0/x86_64-pc-linux-gnu
 /usr/lib/gcc/x86_64-pc-linux-gnu/9.2.0/include/g++-v9.2.0/backward
 /usr/lib/gcc/x86_64-pc-linux-gnu/9.2.0/include
 /usr/local/include
 /usr/lib/gcc/x86_64-pc-linux-gnu/9.2.0/include-fixed
 /usr/include
End of search list.
GNU C++14 (Funtoo 9.2.0) version 9.2.0 (x86_64-pc-linux-gnu)
	compiled by GNU C version 9.2.0, GMP version 6.1.2, MPFR version 4.0.2, MPC version 1.1.0, isl version none
GGC heuristics: --param ggc-min-expand=100 --param ggc-min-heapsize=131072
Compiler executable checksum: 5d88c2882a53da392c6efaa05157063b
COLLECT_GCC_OPTIONS='-v' '-o' 'CMakeFiles/cmTC_b2b28.dir/CMakeCXXCompilerABI.cpp.o' '-c' '-shared-libgcc' '-mtune=generic' '-march=znver2'
 /usr/lib/gcc/x86_64-pc-linux-gnu/9.2.0/../../../../x86_64-pc-linux-gnu/bin/as -v --64 -o CMakeFiles/cmTC_b2b28.dir/CMakeCXXCompilerABI.cpp.o /tmp/ccAnR3Ck.s
GNU assembler version 2.32.0 (x86_64-pc-linux-gnu) using BFD version (Gentoo 2.32 p2) 2.32.0
COMPILER_PATH=/usr/libexec/gcc/x86_64-pc-linux-gnu/9.2.0/:/usr/libexec/gcc/x86_64-pc-linux-gnu/9.2.0/:/usr/libexec/gcc/x86_64-pc-linux-gnu/:/usr/lib/gcc/x86_64-pc-linux-gnu/9.2.0/:/usr/lib/gcc/x86_64-pc-linux-gnu/:/usr/lib/gcc/x86_64-pc-linux-gnu/9.2.0/../../../../x86_64-pc-linux-gnu/bin/
LIBRARY_PATH=/usr/lib/gcc/x86_64-pc-linux-gnu/9.2.0/:/usr/lib/gcc/x86_64-pc-linux-gnu/9.2.0/../../../../lib64/:/lib/../lib64/:/usr/lib/../lib64/:/usr/lib/gcc/x86_64-pc-linux-gnu/9.2.0/../../../../x86_64-pc-linux-gnu/lib/:/usr/lib/gcc/x86_64-pc-linux-gnu/9.2.0/../../../:/lib/:/usr/lib/
COLLECT_GCC_OPTIONS='-v' '-o' 'CMakeFiles/cmTC_b2b28.dir/CMakeCXXCompilerABI.cpp.o' '-c' '-shared-libgcc' '-mtune=generic' '-march=znver2'
Linking CXX executable cmTC_b2b28
/opt/clion/bin/cmake/linux/bin/cmake -E cmake_link_script CMakeFiles/cmTC_b2b28.dir/link.txt --verbose=1
/usr/bin/c++      -v -rdynamic CMakeFiles/cmTC_b2b28.dir/CMakeCXXCompilerABI.cpp.o  -o cmTC_b2b28 
Using built-in specs.
COLLECT_GCC=/usr/bin/c++
COLLECT_LTO_WRAPPER=/usr/libexec/gcc/x86_64-pc-linux-gnu/9.2.0/lto-wrapper
Target: x86_64-pc-linux-gnu
Configured with: ../gcc-9.2.0/configure --disable-libssp --disable-multilib --enable-version-specific-runtime-libs --prefix=/usr --bindir=/usr/x86_64-pc-linux-gnu/gcc-bin/9.2.0 --includedir=/usr/lib/gcc/x86_64-pc-linux-gnu/9.2.0/include --datadir=/usr/share/gcc-data/x86_64-pc-linux-gnu/9.2.0 --mandir=/usr/share/gcc-data/x86_64-pc-linux-gnu/9.2.0/man --infodir=/usr/share/gcc-data/x86_64-pc-linux-gnu/9.2.0/info --with-gxx-include-dir=/usr/lib/gcc/x86_64-pc-linux-gnu/9.2.0/include/g++-v9.2.0 --enable-clocale=gnu --host=x86_64-pc-linux-gnu --enable-obsolete --disable-werror --enable-libmudflap --enable-secureplt --enable-lto --with-system-zlib --without-cloog --with-bugurl=http://bugs.funtoo.org --with-pkgversion='Funtoo 9.2.0' --enable-stage1-checking=assert,runtime,misc,tree,gc,rtlflag --enable-checking=assert,runtime --enable-languages=c,c++,fortran --disable-libgcj --enable-threads=posix --enable-__cxa_atexit --enable-libstdcxx-time --enable-libgomp --enable-bootstrap --enable-shared --build=x86_64-pc-linux-gnu --disable-libsanitizer --enable-default-pie --enable-default-ssp --disable-libstdcxx-pch --disable-vtable-verify --disable-libvtv --with-python-dir=/share/gcc-data/x86_64-pc-linux-gnu/9.2.0/python --enable-nls --with-included-gettext --with-arch=znver2
Thread model: posix
gcc version 9.2.0 (Funtoo 9.2.0) 
COMPILER_PATH=/usr/libexec/gcc/x86_64-pc-linux-gnu/9.2.0/:/usr/libexec/gcc/x86_64-pc-linux-gnu/9.2.0/:/usr/libexec/gcc/x86_64-pc-linux-gnu/:/usr/lib/gcc/x86_64-pc-linux-gnu/9.2.0/:/usr/lib/gcc/x86_64-pc-linux-gnu/:/usr/lib/gcc/x86_64-pc-linux-gnu/9.2.0/../../../../x86_64-pc-linux-gnu/bin/
LIBRARY_PATH=/usr/lib/gcc/x86_64-pc-linux-gnu/9.2.0/:/usr/lib/gcc/x86_64-pc-linux-gnu/9.2.0/../../../../lib64/:/lib/../lib64/:/usr/lib/../lib64/:/usr/lib/gcc/x86_64-pc-linux-gnu/9.2.0/../../../../x86_64-pc-linux-gnu/lib/:/usr/lib/gcc/x86_64-pc-linux-gnu/9.2.0/../../../:/lib/:/usr/lib/
COLLECT_GCC_OPTIONS='-v' '-rdynamic' '-o' 'cmTC_b2b28' '-shared-libgcc' '-mtune=generic' '-march=znver2'
 /usr/libexec/gcc/x86_64-pc-linux-gnu/9.2.0/collect2 -plugin /usr/libexec/gcc/x86_64-pc-linux-gnu/9.2.0/liblto_plugin.so -plugin-opt=/usr/libexec/gcc/x86_64-pc-linux-gnu/9.2.0/lto-wrapper -plugin-opt=-fresolution=/tmp/ccD98EJm.res -plugin-opt=-pass-through=-lgcc_s -plugin-opt=-pass-through=-lgcc -plugin-opt=-pass-through=-lc -plugin-opt=-pass-through=-lgcc_s -plugin-opt=-pass-through=-lgcc --eh-frame-hdr -m elf_x86_64 -export-dynamic -dynamic-linker /lib64/ld-linux-x86-64.so.2 -pie -o cmTC_b2b28 /usr/lib/gcc/x86_64-pc-linux-gnu/9.2.0/../../../../lib64/Scrt1.o /usr/lib/gcc/x86_64-pc-linux-gnu/9.2.0/../../../../lib64/crti.o /usr/lib/gcc/x86_64-pc-linux-gnu/9.2.0/crtbeginS.o -L/usr/lib/gcc/x86_64-pc-linux-gnu/9.2.0 -L/usr/lib/gcc/x86_64-pc-linux-gnu/9.2.0/../../../../lib64 -L/lib/../lib64 -L/usr/lib/../lib64 -L/usr/lib/gcc/x86_64-pc-linux-gnu/9.2.0/../../../../x86_64-pc-linux-gnu/lib -L/usr/lib/gcc/x86_64-pc-linux-gnu/9.2.0/../../.. CMakeFiles/cmTC_b2b28.dir/CMakeCXXCompilerABI.cpp.o -lstdc++ -lm -lgcc_s -lgcc -lc -lgcc_s -lgcc /usr/lib/gcc/x86_64-pc-linux-gnu/9.2.0/crtendS.o /usr/lib/gcc/x86_64-pc-linux-gnu/9.2.0/../../../../lib64/crtn.o
COLLECT_GCC_OPTIONS='-v' '-rdynamic' '-o' 'cmTC_b2b28' '-shared-libgcc' '-mtune=generic' '-march=znver2'
gmake[1]: Leaving directory '/home/i-use-gentoo-btw/Desktop/UntitledVulkanTerminalEmulator/cmake-build-debug/CMakeFiles/CMakeTmp'



Parsed CXX implicit include dir info from above output: rv=done
  found start of include info
  found start of implicit include info
    add: [/usr/lib/gcc/x86_64-pc-linux-gnu/9.2.0/include/g++-v9.2.0]
    add: [/usr/lib/gcc/x86_64-pc-linux-gnu/9.2.0/include/g++-v9.2.0/x86_64-pc-linux-gnu]
    add: [/usr/lib/gcc/x86_64-pc-linux-gnu/9.2.0/include/g++-v9.2.0/backward]
    add: [/usr/lib/gcc/x86_64-pc-linux-gnu/9.2.0/include]
    add: [/usr/local/include]
    add: [/usr/lib/gcc/x86_64-pc-linux-gnu/9.2.0/include-fixed]
    add: [/usr/include]
  end of search list found
  collapse include dir [/usr/lib/gcc/x86_64-pc-linux-gnu/9.2.0/include/g++-v9.2.0] ==> [/usr/lib/gcc/x86_64-pc-linux-gnu/9.2.0/include/g++-v9.2.0]
  collapse include dir [/usr/lib/gcc/x86_64-pc-linux-gnu/9.2.0/include/g++-v9.2.0/x86_64-pc-linux-gnu] ==> [/usr/lib/gcc/x86_64-pc-linux-gnu/9.2.0/include/g++-v9.2.0/x86_64-pc-linux-gnu]
  collapse include dir [/usr/lib/gcc/x86_64-pc-linux-gnu/9.2.0/include/g++-v9.2.0/backward] ==> [/usr/lib/gcc/x86_64-pc-linux-gnu/9.2.0/include/g++-v9.2.0/backward]
  collapse include dir [/usr/lib/gcc/x86_64-pc-linux-gnu/9.2.0/include] ==> [/usr/lib/gcc/x86_64-pc-linux-gnu/9.2.0/include]
  collapse include dir [/usr/local/include] ==> [/usr/local/include]
  collapse include dir [/usr/lib/gcc/x86_64-pc-linux-gnu/9.2.0/include-fixed] ==> [/usr/lib/gcc/x86_64-pc-linux-gnu/9.2.0/include-fixed]
  collapse include dir [/usr/include] ==> [/usr/include]
  implicit include dirs: [/usr/lib/gcc/x86_64-pc-linux-gnu/9.2.0/include/g++-v9.2.0;/usr/lib/gcc/x86_64-pc-linux-gnu/9.2.0/include/g++-v9.2.0/x86_64-pc-linux-gnu;/usr/lib/gcc/x86_64-pc-linux-gnu/9.2.0/include/g++-v9.2.0/backward;/usr/lib/gcc/x86_64-pc-linux-gnu/9.2.0/include;/usr/local/include;/usr/lib/gcc/x86_64-pc-linux-gnu/9.2.0/include-fixed;/usr/include]


Parsed CXX implicit link information from above output:
  link line regex: [^( *|.*[/\])(ld|CMAKE_LINK_STARTFILE-NOTFOUND|([^/\]+-)?ld|collect2)[^/\]*( |$)]
  ignore line: [Change Dir: /home/i-use-gentoo-btw/Desktop/UntitledVulkanTerminalEmulator/cmake-build-debug/CMakeFiles/CMakeTmp]
  ignore line: []
  ignore line: [Run Build Command(s):/usr/bin/gmake cmTC_b2b28/fast && /usr/bin/gmake  -f CMakeFiles/cmTC_b2b28.dir/build.make CMakeFiles/cmTC_b2b28.dir/build]
  ignore line: [gmake[1]: Entering directory '/home/i-use-gentoo-btw/Desktop/UntitledVulkanTerminalEmulator/cmake-build-debug/CMakeFiles/CMakeTmp']
  ignore line: [Building CXX object CMakeFiles/cmTC_b2b28.dir/CMakeCXXCompilerABI.cpp.o]
  ignore line: [/usr/bin/c++    -v -o CMakeFiles/cmTC_b2b28.dir/CMakeCXXCompilerABI.cpp.o -c /opt/clion/bin/cmake/linux/share/cmake-3.17/Modules/CMakeCXXCompilerABI.cpp]
  ignore line: [Using built-in specs.]
  ignore line: [COLLECT_GCC=/usr/bin/c++]
  ignore line: [Target: x86_64-pc-linux-gnu]
  ignore line: [Configured with: ../gcc-9.2.0/configure --disable-libssp --disable-multilib --enable-version-specific-runtime-libs --prefix=/usr --bindir=/usr/x86_64-pc-linux-gnu/gcc-bin/9.2.0 --includedir=/usr/lib/gcc/x86_64-pc-linux-gnu/9.2.0/include --datadir=/usr/share/gcc-data/x86_64-pc-linux-gnu/9.2.0 --mandir=/usr/share/gcc-data/x86_64-pc-linux-gnu/9.2.0/man --infodir=/usr/share/gcc-data/x86_64-pc-linux-gnu/9.2.0/info --with-gxx-include-dir=/usr/lib/gcc/x86_64-pc-linux-gnu/9.2.0/include/g++-v9.2.0 --enable-clocale=gnu --host=x86_64-pc-linux-gnu --enable-obsolete --disable-werror --enable-libmudflap --enable-secureplt --enable-lto --with-system-zlib --without-cloog --with-bugurl=http://bugs.funtoo.org --with-pkgversion='Funtoo 9.2.0' --enable-stage1-checking=assert runtime misc tree gc rtlflag --enable-checking=assert runtime --enable-languages=c c++ fortran --disable-libgcj --enable-threads=posix --enable-__cxa_atexit --enable-libstdcxx-time --enable-libgomp --enable-bootstrap --enable-shared --build=x86_64-pc-linux-gnu --disable-libsanitizer --enable-default-pie --enable-default-ssp --disable-libstdcxx-pch --disable-vtable-verify --disable-libvtv --with-python-dir=/share/gcc-data/x86_64-pc-linux-gnu/9.2.0/python --enable-nls --with-included-gettext --with-arch=znver2]
  ignore line: [Thread model: posix]
  ignore line: [gcc version 9.2.0 (Funtoo 9.2.0) ]
  ignore line: [COLLECT_GCC_OPTIONS='-v' '-o' 'CMakeFiles/cmTC_b2b28.dir/CMakeCXXCompilerABI.cpp.o' '-c' '-shared-libgcc' '-mtune=generic' '-march=znver2']
  ignore line: [ /usr/libexec/gcc/x86_64-pc-linux-gnu/9.2.0/cc1plus -quiet -v -D_GNU_SOURCE /opt/clion/bin/cmake/linux/share/cmake-3.17/Modules/CMakeCXXCompilerABI.cpp -quiet -dumpbase CMakeCXXCompilerABI.cpp -mtune=generic -march=znver2 -auxbase-strip CMakeFiles/cmTC_b2b28.dir/CMakeCXXCompilerABI.cpp.o -version -o /tmp/ccAnR3Ck.s]
  ignore line: [GNU C++14 (Funtoo 9.2.0) version 9.2.0 (x86_64-pc-linux-gnu)]
  ignore line: [	compiled by GNU C version 9.2.0  GMP version 6.1.2  MPFR version 4.0.2  MPC version 1.1.0  isl version none]
  ignore line: [GGC heuristics: --param ggc-min-expand=100 --param ggc-min-heapsize=131072]
  ignore line: [ignoring nonexistent directory "/usr/lib/gcc/x86_64-pc-linux-gnu/9.2.0/../../../../x86_64-pc-linux-gnu/include"]
  ignore line: [#include "..." search starts here:]
  ignore line: [#include <...> search starts here:]
  ignore line: [ /usr/lib/gcc/x86_64-pc-linux-gnu/9.2.0/include/g++-v9.2.0]
  ignore line: [ /usr/lib/gcc/x86_64-pc-linux-gnu/9.2.0/include/g++-v9.2.0/x86_64-pc-linux-gnu]
  ignore line: [ /usr/lib/gcc/x86_64-pc-linux-gnu/9.2.0/include/g++-v9.2.0/backward]
  ignore line: [ /usr/lib/gcc/x86_64-pc-linux-gnu/9.2.0/include]
  ignore line: [ /usr/local/include]
  ignore line: [ /usr/lib/gcc/x86_64-pc-linux-gnu/9.2.0/include-fixed]
  ignore line: [ /usr/include]
  ignore line: [End of search list.]
  ignore line: [GNU C++14 (Funtoo 9.2.0) version 9.2.0 (x86_64-pc-linux-gnu)]
  ignore line: [	compiled by GNU C version 9.2.0  GMP version 6.1.2  MPFR version 4.0.2  MPC version 1.1.0  isl version none]
  ignore line: [GGC heuristics: --param ggc-min-expand=100 --param ggc-min-heapsize=131072]
  ignore line: [Compiler executable checksum: 5d88c2882a53da392c6efaa05157063b]
  ignore line: [COLLECT_GCC_OPTIONS='-v' '-o' 'CMakeFiles/cmTC_b2b28.dir/CMakeCXXCompilerABI.cpp.o' '-c' '-shared-libgcc' '-mtune=generic' '-march=znver2']
  ignore line: [ /usr/lib/gcc/x86_64-pc-linux-gnu/9.2.0/../../../../x86_64-pc-linux-gnu/bin/as -v --64 -o CMakeFiles/cmTC_b2b28.dir/CMakeCXXCompilerABI.cpp.o /tmp/ccAnR3Ck.s]
  ignore line: [GNU assembler version 2.32.0 (x86_64-pc-linux-gnu) using BFD version (Gentoo 2.32 p2) 2.32.0]
  ignore line: [COMPILER_PATH=/usr/libexec/gcc/x86_64-pc-linux-gnu/9.2.0/:/usr/libexec/gcc/x86_64-pc-linux-gnu/9.2.0/:/usr/libexec/gcc/x86_64-pc-linux-gnu/:/usr/lib/gcc/x86_64-pc-linux-gnu/9.2.0/:/usr/lib/gcc/x86_64-pc-linux-gnu/:/usr/lib/gcc/x86_64-pc-linux-gnu/9.2.0/../../../../x86_64-pc-linux-gnu/bin/]
  ignore line: [LIBRARY_PATH=/usr/lib/gcc/x86_64-pc-linux-gnu/9.2.0/:/usr/lib/gcc/x86_64-pc-linux-gnu/9.2.0/../../../../lib64/:/lib/../lib64/:/usr/lib/../lib64/:/usr/lib/gcc/x86_64-pc-linux-gnu/9.2.0/../../../../x86_64-pc-linux-gnu/lib/:/usr/lib/gcc/x86_64-pc-linux-gnu/9.2.0/../../../:/lib/:/usr/lib/]
  ignore line: [COLLECT_GCC_OPTIONS='-v' '-o' 'CMakeFiles/cmTC_b2b28.dir/CMakeCXXCompilerABI.cpp.o' '-c' '-shared-libgcc' '-mtune=generic' '-march=znver2']
  ignore line: [Linking CXX executable cmTC_b2b28]
  ignore line: [/opt/clion/bin/cmake/linux/bin/cmake -E cmake_link_script CMakeFiles/cmTC_b2b28.dir/link.txt --verbose=1]
  ignore line: [/usr/bin/c++      -v -rdynamic CMakeFiles/cmTC_b2b28.dir/CMakeCXXCompilerABI.cpp.o  -o cmTC_b2b28 ]
  ignore line: [Using built-in specs.]
  ignore line: [COLLECT_GCC=/usr/bin/c++]
  ignore line: [COLLECT_LTO_WRAPPER=/usr/libexec/gcc/x86_64-pc-linux-gnu/9.2.0/lto-wrapper]
  ignore line: [Target: x86_64-pc-linux-gnu]
  ignore line: [Configured with: ../gcc-9.2.0/configure --disable-libssp --disable-multilib --enable-version-specific-runtime-libs --prefix=/usr --bindir=/usr/x86_64-pc-linux-gnu/gcc-bin/9.2.0 --includedir=/usr/lib/gcc/x86_64-pc-linux-gnu/9.2.0/include --datadir=/usr/share/gcc-data/x86_64-pc-linux-gnu/9.2.0 --mandir=/usr/share/gcc-data/x86_64-pc-linux-gnu/9.2.0/man --infodir=/usr/share/gcc-data/x86_64-pc-linux-gnu/9.2.0/info --with-gxx-include-dir=/usr/lib/gcc/x86_64-pc-linux-gnu/9.2.0/include/g++-v9.2.0 --enable-clocale=gnu --host=x86_64-pc-linux-gnu --enable-obsolete --disable-werror --enable-libmudflap --enable-secureplt --enable-lto --with-system-zlib --without-cloog --with-bugurl=http://bugs.funtoo.org --with-pkgversion='Funtoo 9.2.0' --enable-stage1-checking=assert runtime misc tree gc rtlflag --enable-checking=assert runtime --enable-languages=c c++ fortran --disable-libgcj --enable-threads=posix --enable-__cxa_atexit --enable-libstdcxx-time --enable-libgomp --enable-bootstrap --enable-shared --build=x86_64-pc-linux-gnu --disable-libsanitizer --enable-default-pie --enable-default-ssp --disable-libstdcxx-pch --disable-vtable-verify --disable-libvtv --with-python-dir=/share/gcc-data/x86_64-pc-linux-gnu/9.2.0/python --enable-nls --with-included-gettext --with-arch=znver2]
  ignore line: [Thread model: posix]
  ignore line: [gcc version 9.2.0 (Funtoo 9.2.0) ]
  ignore line: [COMPILER_PATH=/usr/libexec/gcc/x86_64-pc-linux-gnu/9.2.0/:/usr/libexec/gcc/x86_64-pc-linux-gnu/9.2.0/:/usr/libexec/gcc/x86_64-pc-linux-gnu/:/usr/lib/gcc/x86_64-pc-linux-gnu/9.2.0/:/usr/lib/gcc/x86_64-pc-linux-gnu/:/usr/lib/gcc/x86_64-pc-linux-gnu/9.2.0/../../../../x86_64-pc-linux-gnu/bin/]
  ignore line: [LIBRARY_PATH=/usr/lib/gcc/x86_64-pc-linux-gnu/9.2.0/:/usr/lib/gcc/x86_64-pc-linux-gnu/9.2.0/../../../../lib64/:/lib/../lib64/:/usr/lib/../lib64/:/usr/lib/gcc/x86_64-pc-linux-gnu/9.2.0/../../../../x86_64-pc-linux-gnu/lib/:/usr/lib/gcc/x86_64-pc-linux-gnu/9.2.0/../../../:/lib/:/usr/lib/]
  ignore line: [COLLECT_GCC_OPTIONS='-v' '-rdynamic' '-o' 'cmTC_b2b28' '-shared-libgcc' '-mtune=generic' '-march=znver2']
  link line: [ /usr/libexec/gcc/x86_64-pc-linux-gnu/9.2.0/collect2 -plugin /usr/libexec/gcc/x86_64-pc-linux-gnu/9.2.0/liblto_plugin.so -plugin-opt=/usr/libexec/gcc/x86_64-pc-linux-gnu/9.2.0/lto-wrapper -plugin-opt=-fresolution=/tmp/ccD98EJm.res -plugin-opt=-pass-through=-lgcc_s -plugin-opt=-pass-through=-lgcc -plugin-opt=-pass-through=-lc -plugin-opt=-pass-through=-lgcc_s -plugin-opt=-pass-through=-lgcc --eh-frame-hdr -m elf_x86_64 -export-dynamic -dynamic-linker /lib64/ld-linux-x86-64.so.2 -pie -o cmTC_b2b28 /usr/lib/gcc/x86_64-pc-linux-gnu/9.2.0/../../../../lib64/Scrt1.o /usr/lib/gcc/x86_64-pc-linux-gnu/9.2.0/../../../../lib64/crti.o /usr/lib/gcc/x86_64-pc-linux-gnu/9.2.0/crtbeginS.o -L/usr/lib/gcc/x86_64-pc-linux-gnu/9.2.0 -L/usr/lib/gcc/x86_64-pc-linux-gnu/9.2.0/../../../../lib64 -L/lib/../lib64 -L/usr/lib/../lib64 -L/usr/lib/gcc/x86_64-pc-linux-gnu/9.2.0/../../../../x86_64-pc-linux-gnu/lib -L/usr/lib/gcc/x86_64-pc-linux-gnu/9.2.0/../../.. CMakeFiles/cmTC_b2b28.dir/CMakeCXXCompilerABI.cpp.o -lstdc++ -lm -lgcc_s -lgcc -lc -lgcc_s -lgcc /usr/lib/gcc/x86_64-pc-linux-gnu/9.2.0/crtendS.o /usr/lib/gcc/x86_64-pc-linux-gnu/9.2.0/../../../../lib64/crtn.o]
    arg [/usr/libexec/gcc/x86_64-pc-linux-gnu/9.2.0/collect2] ==> ignore
    arg [-plugin] ==> ignore
    arg [/usr/libexec/gcc/x86_64-pc-linux-gnu/9.2.0/liblto_plugin.so] ==> ignore
    arg [-plugin-opt=/usr/libexec/gcc/x86_64-pc-linux-gnu/9.2.0/lto-wrapper] ==> ignore
    arg [-plugin-opt=-fresolution=/tmp/ccD98EJm.res] ==> ignore
    arg [-plugin-opt=-pass-through=-lgcc_s] ==> ignore
    arg [-plugin-opt=-pass-through=-lgcc] ==> ignore
    arg [-plugin-opt=-pass-through=-lc] ==> ignore
    arg [-plugin-opt=-pass-through=-lgcc_s] ==> ignore
    arg [-plugin-opt=-pass-through=-lgcc] ==> ignore
    arg [--eh-frame-hdr] ==> ignore
    arg [-m] ==> ignore
    arg [elf_x86_64] ==> ignore
    arg [-export-dynamic] ==> ignore
    arg [-dynamic-linker] ==> ignore
    arg [/lib64/ld-linux-x86-64.so.2] ==> ignore
    arg [-pie] ==> ignore
    arg [-o] ==> ignore
    arg [cmTC_b2b28] ==> ignore
    arg [/usr/lib/gcc/x86_64-pc-linux-gnu/9.2.0/../../../../lib64/Scrt1.o] ==> ignore
    arg [/usr/lib/gcc/x86_64-pc-linux-gnu/9.2.0/../../../../lib64/crti.o] ==> ignore
    arg [/usr/lib/gcc/x86_64-pc-linux-gnu/9.2.0/crtbeginS.o] ==> ignore
    arg [-L/usr/lib/gcc/x86_64-pc-linux-gnu/9.2.0] ==> dir [/usr/lib/gcc/x86_64-pc-linux-gnu/9.2.0]
    arg [-L/usr/lib/gcc/x86_64-pc-linux-gnu/9.2.0/../../../../lib64] ==> dir [/usr/lib/gcc/x86_64-pc-linux-gnu/9.2.0/../../../../lib64]
    arg [-L/lib/../lib64] ==> dir [/lib/../lib64]
    arg [-L/usr/lib/../lib64] ==> dir [/usr/lib/../lib64]
    arg [-L/usr/lib/gcc/x86_64-pc-linux-gnu/9.2.0/../../../../x86_64-pc-linux-gnu/lib] ==> dir [/usr/lib/gcc/x86_64-pc-linux-gnu/9.2.0/../../../../x86_64-pc-linux-gnu/lib]
    arg [-L/usr/lib/gcc/x86_64-pc-linux-gnu/9.2.0/../../..] ==> dir [/usr/lib/gcc/x86_64-pc-linux-gnu/9.2.0/../../..]
    arg [CMakeFiles/cmTC_b2b28.dir/CMakeCXXCompilerABI.cpp.o] ==> ignore
    arg [-lstdc++] ==> lib [stdc++]
    arg [-lm] ==> lib [m]
    arg [-lgcc_s] ==> lib [gcc_s]
    arg [-lgcc] ==> lib [gcc]
    arg [-lc] ==> lib [c]
    arg [-lgcc_s] ==> lib [gcc_s]
    arg [-lgcc] ==> lib [gcc]
    arg [/usr/lib/gcc/x86_64-pc-linux-gnu/9.2.0/crtendS.o] ==> ignore
    arg [/usr/lib/gcc/x86_64-pc-linux-gnu/9.2.0/../../../../lib64/crtn.o] ==> ignore
  collapse library dir [/usr/lib/gcc/x86_64-pc-linux-gnu/9.2.0] ==> [/usr/lib/gcc/x86_64-pc-linux-gnu/9.2.0]
  collapse library dir [/usr/lib/gcc/x86_64-pc-linux-gnu/9.2.0/../../../../lib64] ==> [/usr/lib64]
  collapse library dir [/lib/../lib64] ==> [/lib64]
  collapse library dir [/usr/lib/../lib64] ==> [/usr/lib64]
  collapse library dir [/usr/lib/gcc/x86_64-pc-linux-gnu/9.2.0/../../../../x86_64-pc-linux-gnu/lib] ==> [/usr/x86_64-pc-linux-gnu/lib]
  collapse library dir [/usr/lib/gcc/x86_64-pc-linux-gnu/9.2.0/../../..] ==> [/usr/lib]
  implicit libs: [stdc++;m;gcc_s;gcc;c;gcc_s;gcc]
  implicit dirs: [/usr/lib/gcc/x86_64-pc-linux-gnu/9.2.0;/usr/lib64;/lib64;/usr/x86_64-pc-linux-gnu/lib;/usr/lib]
  implicit fwks: []


